Using pre-set license
Built from '2020.3/staging' branch; Version is '2020.3.11f1 (99c7afb366b3) revision 10078127'; Using compiler version '192528614'; Build Type 'Release'
OS: 'Windows 10 Pro; OS build 19042.1348; Version 2009; 64bit' Language: 'en' Physical Memory: 6103 MB
BatchMode: 1, IsHumanControllingUs: 0, StartBugReporterOnCrash: 0, Is64bit: 1, IsPro: 0

 COMMAND LINE ARGUMENTS:
C:\Program Files\Unity\Hub\Editor\2020.3.11f1\Editor\Unity.exe
-adb2
-batchMode
-noUpm
-name
AssetImportWorker0
-projectPath
S:/Unity/Unity Projects/Zord NFT Battle Arena
-logFile
Logs/AssetImportWorker0.log
-srvPort
51885
Successfully changed project path to: S:/Unity/Unity Projects/Zord NFT Battle Arena
S:/Unity/Unity Projects/Zord NFT Battle Arena
Using Asset Import Pipeline V2.
Refreshing native plugins compatible for Editor in 229.98 ms, found 3 plugins.
Preloading 0 native plugins for Editor in 0.00 ms.
Initialize engine version: 2020.3.11f1 (99c7afb366b3)
[Subsystems] Discovering subsystems at path C:/Program Files/Unity/Hub/Editor/2020.3.11f1/Editor/Data/Resources/UnitySubsystems
[Subsystems] Discovering subsystems at path S:/Unity/Unity Projects/Zord NFT Battle Arena/Assets
GfxDevice: creating device client; threaded=0
Direct3D:
    Version:  Direct3D 11.0 [level 11.1]
    Renderer: AMD Radeon (TM) R9 200 Series (ID=0x6811)
    Vendor:   
    VRAM:     2027 MB
    Driver:   27.20.21003.1028
Initialize mono
Mono path[0] = 'C:/Program Files/Unity/Hub/Editor/2020.3.11f1/Editor/Data/Managed'
Mono path[1] = 'C:/Program Files/Unity/Hub/Editor/2020.3.11f1/Editor/Data/MonoBleedingEdge/lib/mono/unityjit'
Mono config path = 'C:/Program Files/Unity/Hub/Editor/2020.3.11f1/Editor/Data/MonoBleedingEdge/etc'
Using monoOptions --debugger-agent=transport=dt_socket,embedding=1,server=y,suspend=n,address=127.0.0.1:56008
Begin MonoManager ReloadAssembly
Registering precompiled unity dll's ...
Register platform support module: C:/Program Files/Unity/Hub/Editor/2020.3.11f1/Editor/Data/PlaybackEngines/WebGLSupport/UnityEditor.WebGL.Extensions.dll
Register platform support module: C:/Program Files/Unity/Hub/Editor/2020.3.11f1/Editor/Data/PlaybackEngines/WindowsStandaloneSupport/UnityEditor.WindowsStandalone.Extensions.dll
Registered in 0.004300 seconds.
Native extension for WindowsStandalone target not found
Native extension for WebGL target not found
Refreshing native plugins compatible for Editor in 198.81 ms, found 3 plugins.
Preloading 0 native plugins for Editor in 0.00 ms.
Mono: successfully reloaded assembly
- Completed reload, in  6.141 seconds
Platform modules already initialized, skipping
Registering precompiled user dll's ...
Registered in 0.012279 seconds.
Begin MonoManager ReloadAssembly
Native extension for WindowsStandalone target not found
Native extension for WebGL target not found
Refreshing native plugins compatible for Editor in 164.35 ms, found 3 plugins.
Preloading 0 native plugins for Editor in 0.00 ms.
Mono: successfully reloaded assembly
- Completed reload, in  3.231 seconds
Platform modules already initialized, skipping
========================================================================
Worker process is ready to serve import requests
Launched and connected shader compiler UnityShaderCompiler.exe after 0.15 seconds
Refreshing native plugins compatible for Editor in 2.32 ms, found 3 plugins.
Preloading 0 native plugins for Editor in 0.00 ms.
Unloading 2312 Unused Serialized files (Serialized files now loaded: 0)
System memory in use before: 102.6 MB.
System memory in use after: 102.7 MB.

Unloading 39 unused Assets to reduce memory usage. Loaded Objects now: 2742.
Total: 4.395100 ms (FindLiveObjects: 0.543900 ms CreateObjectMapping: 0.171300 ms MarkObjects: 3.486200 ms  DeleteObjects: 0.191400 ms)

========================================================================
Received Import Request.
  path: Assets/Scripts/TurnManager.cs
  artifactKey: Guid(9e162350ad00a984d8753048dcc57915) Importer(815301076,1909f56bfc062723c751e8b465ee728b)
Start importing Assets/Scripts/TurnManager.cs using Guid(9e162350ad00a984d8753048dcc57915) Importer(815301076,1909f56bfc062723c751e8b465ee728b)  -> (artifact id: '859a71d2a0e00e52e9c557985cbf53b3') in 0.126973 seconds
  Import took 0.143053 seconds .

========================================================================
Received Prepare
Registering precompiled user dll's ...
Registered in 0.020400 seconds.
Begin MonoManager ReloadAssembly
Native extension for WindowsStandalone target not found
Native extension for WebGL target not found
Refreshing native plugins compatible for Editor in 1.15 ms, found 3 plugins.
Preloading 0 native plugins for Editor in 0.00 ms.
Mono: successfully reloaded assembly
- Completed reload, in  2.104 seconds
Platform modules already initialized, skipping
Refreshing native plugins compatible for Editor in 1.02 ms, found 3 plugins.
Preloading 0 native plugins for Editor in 0.00 ms.
Unloading 2306 Unused Serialized files (Serialized files now loaded: 0)
System memory in use before: 102.6 MB.
System memory in use after: 102.7 MB.

Unloading 26 unused Assets to reduce memory usage. Loaded Objects now: 2747.
Total: 5.861100 ms (FindLiveObjects: 0.669700 ms CreateObjectMapping: 0.208100 ms MarkObjects: 4.825200 ms  DeleteObjects: 0.155000 ms)

========================================================================
Received Import Request.
  Time since last request: 267.278701 seconds.
  path: Assets/Resources/Player.prefab
  artifactKey: Guid(5d87262c4d0c9bd4f8e9d2877abc1dd3) Importer(815301076,1909f56bfc062723c751e8b465ee728b)
Start importing Assets/Resources/Player.prefab using Guid(5d87262c4d0c9bd4f8e9d2877abc1dd3) Importer(815301076,1909f56bfc062723c751e8b465ee728b)  -> (artifact id: '20c0e90c04a5d47fce7bc729232e09e1') in 0.238326 seconds
  Import took 0.255472 seconds .

========================================================================
Received Import Request.
  Time since last request: 25.116319 seconds.
  path: Assets/Resources/Player 2.prefab
  artifactKey: Guid(aaa842857e60a814c8ed155162548d69) Importer(815301076,1909f56bfc062723c751e8b465ee728b)
Start importing Assets/Resources/Player 2.prefab using Guid(aaa842857e60a814c8ed155162548d69) Importer(815301076,1909f56bfc062723c751e8b465ee728b)  -> (artifact id: '2d38c8c695ca814472c70f62fb0fab4b') in 0.043484 seconds
  Import took 0.053582 seconds .

========================================================================
Received Prepare
Registering precompiled user dll's ...
Registered in 0.047031 seconds.
Begin MonoManager ReloadAssembly
Native extension for WindowsStandalone target not found
Native extension for WebGL target not found
Refreshing native plugins compatible for Editor in 3.99 ms, found 3 plugins.
Preloading 0 native plugins for Editor in 0.00 ms.
Mono: successfully reloaded assembly
- Completed reload, in  2.775 seconds
Platform modules already initialized, skipping
Refreshing native plugins compatible for Editor in 1.96 ms, found 3 plugins.
Preloading 0 native plugins for Editor in 0.00 ms.
Unloading 2306 Unused Serialized files (Serialized files now loaded: 0)
System memory in use before: 105.6 MB.
System memory in use after: 105.7 MB.

Unloading 26 unused Assets to reduce memory usage. Loaded Objects now: 2759.
Total: 11.653100 ms (FindLiveObjects: 1.130700 ms CreateObjectMapping: 0.664800 ms MarkObjects: 9.500400 ms  DeleteObjects: 0.351700 ms)

========================================================================
Received Prepare
Registering precompiled user dll's ...
Registered in 0.382371 seconds.
Begin MonoManager ReloadAssembly
Native extension for WindowsStandalone target not found
Native extension for WebGL target not found
Refreshing native plugins compatible for Editor in 1.65 ms, found 3 plugins.
Preloading 0 native plugins for Editor in 0.00 ms.
Mono: successfully reloaded assembly
- Completed reload, in  2.238 seconds
Platform modules already initialized, skipping
Refreshing native plugins compatible for Editor in 1.09 ms, found 3 plugins.
Preloading 0 native plugins for Editor in 0.00 ms.
Unloading 2306 Unused Serialized files (Serialized files now loaded: 0)
System memory in use before: 105.7 MB.
System memory in use after: 105.8 MB.

Unloading 26 unused Assets to reduce memory usage. Loaded Objects now: 2764.
Total: 5.022100 ms (FindLiveObjects: 0.925500 ms CreateObjectMapping: 0.210900 ms MarkObjects: 3.717900 ms  DeleteObjects: 0.164800 ms)

========================================================================
Received Import Request.
  Time since last request: 282.555975 seconds.
  path: Assets/Resources/Player.prefab
  artifactKey: Guid(5d87262c4d0c9bd4f8e9d2877abc1dd3) Importer(815301076,1909f56bfc062723c751e8b465ee728b)
Start importing Assets/Resources/Player.prefab using Guid(5d87262c4d0c9bd4f8e9d2877abc1dd3) Importer(815301076,1909f56bfc062723c751e8b465ee728b)  -> (artifact id: '82029adc4471d94d7972f4282f03506c') in 0.216768 seconds
  Import took 0.224697 seconds .

========================================================================
Received Prepare
Registering precompiled user dll's ...
Registered in 0.009015 seconds.
Begin MonoManager ReloadAssembly
Native extension for WindowsStandalone target not found
Native extension for WebGL target not found
Refreshing native plugins compatible for Editor in 2.24 ms, found 3 plugins.
Preloading 0 native plugins for Editor in 0.00 ms.
Mono: successfully reloaded assembly
- Completed reload, in  2.058 seconds
Platform modules already initialized, skipping
Refreshing native plugins compatible for Editor in 1.24 ms, found 3 plugins.
Preloading 0 native plugins for Editor in 0.00 ms.
Unloading 2306 Unused Serialized files (Serialized files now loaded: 0)
System memory in use before: 105.7 MB.
System memory in use after: 105.8 MB.

Unloading 26 unused Assets to reduce memory usage. Loaded Objects now: 2770.
Total: 6.408400 ms (FindLiveObjects: 0.842600 ms CreateObjectMapping: 0.177700 ms MarkObjects: 5.134000 ms  DeleteObjects: 0.247900 ms)

========================================================================
Received Prepare
Registering precompiled user dll's ...
Registered in 0.007297 seconds.
Begin MonoManager ReloadAssembly
Native extension for WindowsStandalone target not found
Native extension for WebGL target not found
Refreshing native plugins compatible for Editor in 1.57 ms, found 3 plugins.
Preloading 0 native plugins for Editor in 0.00 ms.
Mono: successfully reloaded assembly
- Completed reload, in  2.190 seconds
Platform modules already initialized, skipping
Refreshing native plugins compatible for Editor in 1.08 ms, found 3 plugins.
Preloading 0 native plugins for Editor in 0.00 ms.
Unloading 2306 Unused Serialized files (Serialized files now loaded: 0)
System memory in use before: 105.6 MB.
System memory in use after: 105.7 MB.

Unloading 26 unused Assets to reduce memory usage. Loaded Objects now: 2775.
Total: 5.938900 ms (FindLiveObjects: 0.470400 ms CreateObjectMapping: 0.151300 ms MarkObjects: 5.051900 ms  DeleteObjects: 0.262000 ms)

========================================================================
Received Import Request.
  Time since last request: 76.140569 seconds.
  path: Assets/Resources/Player 2.prefab
  artifactKey: Guid(aaa842857e60a814c8ed155162548d69) Importer(815301076,1909f56bfc062723c751e8b465ee728b)
Start importing Assets/Resources/Player 2.prefab using Guid(aaa842857e60a814c8ed155162548d69) Importer(815301076,1909f56bfc062723c751e8b465ee728b)  -> (artifact id: 'f769ea91e871a02da5816fa08e28b64b') in 0.110207 seconds
  Import took 0.121859 seconds .

========================================================================
Received Import Request.
  Time since last request: 101.775482 seconds.
  path: Assets/Resources/Player.prefab
  artifactKey: Guid(5d87262c4d0c9bd4f8e9d2877abc1dd3) Importer(815301076,1909f56bfc062723c751e8b465ee728b)
Start importing Assets/Resources/Player.prefab using Guid(5d87262c4d0c9bd4f8e9d2877abc1dd3) Importer(815301076,1909f56bfc062723c751e8b465ee728b)  -> (artifact id: 'ca9388560b807fd21c99c4d37403d642') in 0.029186 seconds
  Import took 0.036781 seconds .

