Using pre-set license
Built from '2020.3/staging' branch; Version is '2020.3.11f1 (99c7afb366b3) revision 10078127'; Using compiler version '192528614'; Build Type 'Release'
OS: 'Windows 10 Pro; OS build 19042.1348; Version 2009; 64bit' Language: 'en' Physical Memory: 6103 MB
BatchMode: 1, IsHumanControllingUs: 0, StartBugReporterOnCrash: 0, Is64bit: 1, IsPro: 0

 COMMAND LINE ARGUMENTS:
C:\Program Files\Unity\Hub\Editor\2020.3.11f1\Editor\Unity.exe
-adb2
-batchMode
-noUpm
-name
AssetImportWorker2
-projectPath
S:/Unity/Unity Projects/Zord NFT Battle Arena
-logFile
Logs/AssetImportWorker2.log
-srvPort
49893
Successfully changed project path to: S:/Unity/Unity Projects/Zord NFT Battle Arena
S:/Unity/Unity Projects/Zord NFT Battle Arena
Using Asset Import Pipeline V2.
Refreshing native plugins compatible for Editor in 177.20 ms, found 3 plugins.
Preloading 0 native plugins for Editor in 0.00 ms.
Initialize engine version: 2020.3.11f1 (99c7afb366b3)
[Subsystems] Discovering subsystems at path C:/Program Files/Unity/Hub/Editor/2020.3.11f1/Editor/Data/Resources/UnitySubsystems
[Subsystems] Discovering subsystems at path S:/Unity/Unity Projects/Zord NFT Battle Arena/Assets
GfxDevice: creating device client; threaded=0
Direct3D:
    Version:  Direct3D 11.0 [level 11.1]
    Renderer: AMD Radeon (TM) R9 200 Series (ID=0x6811)
    Vendor:   
    VRAM:     2027 MB
    Driver:   27.20.21003.1028
Initialize mono
Mono path[0] = 'C:/Program Files/Unity/Hub/Editor/2020.3.11f1/Editor/Data/Managed'
Mono path[1] = 'C:/Program Files/Unity/Hub/Editor/2020.3.11f1/Editor/Data/MonoBleedingEdge/lib/mono/unityjit'
Mono config path = 'C:/Program Files/Unity/Hub/Editor/2020.3.11f1/Editor/Data/MonoBleedingEdge/etc'
Using monoOptions --debugger-agent=transport=dt_socket,embedding=1,server=y,suspend=n,address=127.0.0.1:56324
Begin MonoManager ReloadAssembly
Registering precompiled unity dll's ...
Register platform support module: C:/Program Files/Unity/Hub/Editor/2020.3.11f1/Editor/Data/PlaybackEngines/WebGLSupport/UnityEditor.WebGL.Extensions.dll
Register platform support module: C:/Program Files/Unity/Hub/Editor/2020.3.11f1/Editor/Data/PlaybackEngines/WindowsStandaloneSupport/UnityEditor.WindowsStandalone.Extensions.dll
Registered in 0.010012 seconds.
Native extension for WindowsStandalone target not found
Native extension for WebGL target not found
Refreshing native plugins compatible for Editor in 173.93 ms, found 3 plugins.
Preloading 0 native plugins for Editor in 0.00 ms.
Mono: successfully reloaded assembly
- Completed reload, in 10.278 seconds
Platform modules already initialized, skipping
Registering precompiled user dll's ...
Registered in 0.019098 seconds.
Begin MonoManager ReloadAssembly
Native extension for WindowsStandalone target not found
Native extension for WebGL target not found
Refreshing native plugins compatible for Editor in 139.18 ms, found 3 plugins.
Preloading 0 native plugins for Editor in 0.00 ms.
Mono: successfully reloaded assembly
- Completed reload, in  2.578 seconds
Platform modules already initialized, skipping
========================================================================
Worker process is ready to serve import requests
Launched and connected shader compiler UnityShaderCompiler.exe after 0.12 seconds
Refreshing native plugins compatible for Editor in 4.04 ms, found 3 plugins.
Preloading 0 native plugins for Editor in 0.00 ms.
Unloading 2309 Unused Serialized files (Serialized files now loaded: 0)
System memory in use before: 102.4 MB.
System memory in use after: 102.5 MB.

Unloading 39 unused Assets to reduce memory usage. Loaded Objects now: 2739.
Total: 3.519100 ms (FindLiveObjects: 0.318600 ms CreateObjectMapping: 0.142000 ms MarkObjects: 2.881600 ms  DeleteObjects: 0.175200 ms)

========================================================================
Received Import Request.
  path: Assets/Resources/Player.prefab
  artifactKey: Guid(5d87262c4d0c9bd4f8e9d2877abc1dd3) Importer(815301076,1909f56bfc062723c751e8b465ee728b)
Start importing Assets/Resources/Player.prefab using Guid(5d87262c4d0c9bd4f8e9d2877abc1dd3) Importer(815301076,1909f56bfc062723c751e8b465ee728b)  -> (artifact id: 'c8e9b476cf398d2770e9ee325e675214') in 0.293684 seconds
  Import took 0.305317 seconds .

========================================================================
Received Import Request.
  Time since last request: 0.288104 seconds.
  path: Assets/Resources/Player.prefab
  artifactKey: Guid(5d87262c4d0c9bd4f8e9d2877abc1dd3) Importer(815301076,1909f56bfc062723c751e8b465ee728b)
Start importing Assets/Resources/Player.prefab using Guid(5d87262c4d0c9bd4f8e9d2877abc1dd3) Importer(815301076,1909f56bfc062723c751e8b465ee728b)  -> (artifact id: 'c8e9b476cf398d2770e9ee325e675214') in 0.030259 seconds
  Import took 0.042605 seconds .

========================================================================
Received Prepare
Registering precompiled user dll's ...
Registered in 0.007768 seconds.
Begin MonoManager ReloadAssembly
Native extension for WindowsStandalone target not found
Native extension for WebGL target not found
Refreshing native plugins compatible for Editor in 1.32 ms, found 3 plugins.
Preloading 0 native plugins for Editor in 0.00 ms.
Mono: successfully reloaded assembly
- Completed reload, in  2.478 seconds
Platform modules already initialized, skipping
Refreshing native plugins compatible for Editor in 1.11 ms, found 3 plugins.
Preloading 0 native plugins for Editor in 0.00 ms.
Unloading 2303 Unused Serialized files (Serialized files now loaded: 0)
System memory in use before: 105.3 MB.
System memory in use after: 105.4 MB.

Unloading 26 unused Assets to reduce memory usage. Loaded Objects now: 2751.
Total: 3.304100 ms (FindLiveObjects: 0.323000 ms CreateObjectMapping: 0.142500 ms MarkObjects: 2.702200 ms  DeleteObjects: 0.134900 ms)

========================================================================
Received Prepare
Registering precompiled user dll's ...
Registered in 0.006866 seconds.
Begin MonoManager ReloadAssembly
Native extension for WindowsStandalone target not found
Native extension for WebGL target not found
Refreshing native plugins compatible for Editor in 10.58 ms, found 3 plugins.
Preloading 0 native plugins for Editor in 0.00 ms.
Mono: successfully reloaded assembly
- Completed reload, in  2.809 seconds
Platform modules already initialized, skipping
Refreshing native plugins compatible for Editor in 1.37 ms, found 3 plugins.
Preloading 0 native plugins for Editor in 0.00 ms.
Unloading 2303 Unused Serialized files (Serialized files now loaded: 0)
System memory in use before: 105.4 MB.
System memory in use after: 105.4 MB.

Unloading 26 unused Assets to reduce memory usage. Loaded Objects now: 2756.
Total: 12.978100 ms (FindLiveObjects: 2.742600 ms CreateObjectMapping: 1.353200 ms MarkObjects: 8.508800 ms  DeleteObjects: 0.368600 ms)

========================================================================
Received Import Request.
  Time since last request: 231.272934 seconds.
  path: Assets/Resources/Player.prefab
  artifactKey: Guid(5d87262c4d0c9bd4f8e9d2877abc1dd3) Importer(815301076,1909f56bfc062723c751e8b465ee728b)
Start importing Assets/Resources/Player.prefab using Guid(5d87262c4d0c9bd4f8e9d2877abc1dd3) Importer(815301076,1909f56bfc062723c751e8b465ee728b)  -> (artifact id: '19e5b6b10aa1b5bf55fb9e6836f6bd89') in 0.120983 seconds
  Import took 0.130511 seconds .

========================================================================
Received Import Request.
  Time since last request: 0.267555 seconds.
  path: Assets/Resources/Player.prefab
  artifactKey: Guid(5d87262c4d0c9bd4f8e9d2877abc1dd3) Importer(815301076,1909f56bfc062723c751e8b465ee728b)
Start importing Assets/Resources/Player.prefab using Guid(5d87262c4d0c9bd4f8e9d2877abc1dd3) Importer(815301076,1909f56bfc062723c751e8b465ee728b)  -> (artifact id: '1386d83842a7f18fee7e9ae31a516c92') in 0.031278 seconds
  Import took 0.042695 seconds .

========================================================================
Received Import Request.
  Time since last request: 0.005799 seconds.
  path: Assets/Resources/Player.prefab
  artifactKey: Guid(5d87262c4d0c9bd4f8e9d2877abc1dd3) Importer(815301076,1909f56bfc062723c751e8b465ee728b)
Start importing Assets/Resources/Player.prefab using Guid(5d87262c4d0c9bd4f8e9d2877abc1dd3) Importer(815301076,1909f56bfc062723c751e8b465ee728b)  -> (artifact id: '1386d83842a7f18fee7e9ae31a516c92') in 0.017125 seconds
  Import took 0.037692 seconds .

AssetImportWorkerClient::OnTransportError - code=2 error=End of file
